Watching for file changes with StatReloader
Watching for file changes with StatReloader
/home/z/my-project/usuarios/views.py changed, reloading.
Watching for file changes with StatReloader
/home/z/my-project/usuarios/admin.py changed, reloading.
Watching for file changes with StatReloader
/home/z/my-project/socios/admin.py changed, reloading.
Watching for file changes with StatReloader
/home/z/my-project/financeiro/admin.py changed, reloading.
Watching for file changes with StatReloader
/home/z/my-project/cobranca/admin.py changed, reloading.
Watching for file changes with StatReloader
/home/z/my-project/eventos/admin.py changed, reloading.
Watching for file changes with StatReloader
/home/z/my-project/core/admin.py changed, reloading.
Watching for file changes with StatReloader
Watching for file changes with StatReloader
Watching for file changes with StatReloader
/home/z/my-project/usuarios/views.py changed, reloading.
Watching for file changes with StatReloader
Watching for file changes with StatReloader
Not Found: /
"GET / HTTP/1.1" 404 2503
Not Found: /favicon.ico
"GET /favicon.ico HTTP/1.1" 404 2554
"GET /admin HTTP/1.1" 301 0
"GET /admin/ HTTP/1.1" 302 0
"GET /admin/login/?next=/admin/ HTTP/1.1" 200 4209
"GET /static/admin/css/dark_mode.css HTTP/1.1" 200 2808
"GET /static/admin/css/base.css HTTP/1.1" 200 22120
"GET /static/admin/css/login.css HTTP/1.1" 200 951
"GET /static/admin/css/nav_sidebar.css HTTP/1.1" 200 2810
"GET /static/admin/css/responsive.css HTTP/1.1" 200 16565
"GET /static/admin/js/theme.js HTTP/1.1" 200 1653
"GET /static/admin/js/nav_sidebar.js HTTP/1.1" 200 3063
"POST /admin/login/?next=/admin/ HTTP/1.1" 302 0
"GET /admin/ HTTP/1.1" 200 24788
"GET /static/admin/img/icon-addlink.svg HTTP/1.1" 200 331
"GET /static/admin/img/icon-changelink.svg HTTP/1.1" 200 380
"GET /static/admin/css/dashboard.css HTTP/1.1" 200 441
"GET /admin/financeiro/receita/add/ HTTP/1.1" 200 33462
"GET /static/admin/js/jquery.init.js HTTP/1.1" 200 347
"GET /static/admin/css/forms.css HTTP/1.1" 200 8525
"GET /static/admin/js/core.js HTTP/1.1" 200 6208
"GET /admin/jsi18n/ HTTP/1.1" 200 8158
"GET /static/admin/js/calendar.js HTTP/1.1" 200 9141
"GET /static/admin/js/admin/DateTimeShortcuts.js HTTP/1.1" 200 19319
"GET /static/admin/js/admin/RelatedObjectLookups.js HTTP/1.1" 200 9777
"GET /static/admin/css/widgets.css HTTP/1.1" 200 11991
"GET /static/admin/js/urlify.js HTTP/1.1" 200 7887
"GET /static/admin/js/vendor/jquery/jquery.js HTTP/1.1" 200 285314
"GET /static/admin/js/actions.js HTTP/1.1" 200 8076
"GET /static/admin/js/prepopulate.js HTTP/1.1" 200 1531
"GET /static/admin/js/prepopulate_init.js HTTP/1.1" 200 586
"GET /static/admin/js/vendor/xregexp/xregexp.js HTTP/1.1" 200 325171
"GET /static/admin/img/icon-deletelink.svg HTTP/1.1" 200 392
"GET /static/admin/img/icon-viewlink.svg HTTP/1.1" 200 581
"GET /static/admin/js/change_form.js HTTP/1.1" 200 606
"GET /static/admin/img/icon-calendar.svg HTTP/1.1" 200 1086
"GET /admin/ HTTP/1.1" 200 24788
Watching for file changes with StatReloader
Watching for file changes with StatReloader
Watching for file changes with StatReloader
F:\HD 1tb\Dados\Projetos\Desnvolvimento com IA\e-clubecampestre\core\urls.py changed, reloading.
Watching for file changes with StatReloader
Not Found: /
"GET / HTTP/1.1" 404 2655
Not Found: /favicon.ico
"GET /favicon.ico HTTP/1.1" 404 2706
F:\HD 1tb\Dados\Projetos\Desnvolvimento com IA\e-clubecampestre\core\views.py changed, reloading.
Watching for file changes with StatReloader
F:\HD 1tb\Dados\Projetos\Desnvolvimento com IA\e-clubecampestre\clube_manager\urls.py changed, reloading.
Watching for file changes with StatReloader
"GET / HTTP/1.1" 302 0
"GET /admin/login/?next=/ HTTP/1.1" 200 4197
"GET /static/admin/css/dark_mode.css HTTP/1.1" 200 2808
"GET /static/admin/css/login.css HTTP/1.1" 200 951
"GET /static/admin/css/base.css HTTP/1.1" 200 22120
"GET /static/admin/css/responsive.css HTTP/1.1" 200 16565
"GET /static/admin/css/nav_sidebar.css HTTP/1.1" 200 2810
"GET /static/admin/js/theme.js HTTP/1.1" 200 1653
"GET /static/admin/js/nav_sidebar.js HTTP/1.1" 200 3063
"POST /admin/login/?next=/ HTTP/1.1" 200 4408
"POST /admin/login/?next=/ HTTP/1.1" 302 0
Internal Server Error: /
Traceback (most recent call last):
  File "F:\HD 1tb\Dados\Projetos\Desnvolvimento com IA\e-clubecampestre\venv\Lib\site-packages\django\core\handlers\exception.py", line 55, in inner
    response = get_response(request)
  File "F:\HD 1tb\Dados\Projetos\Desnvolvimento com IA\e-clubecampestre\venv\Lib\site-packages\django\core\handlers\base.py", line 220, in _get_response
    response = response.render()
  File "F:\HD 1tb\Dados\Projetos\Desnvolvimento com IA\e-clubecampestre\venv\Lib\site-packages\django\template\response.py", line 114, in render
    self.content = self.rendered_content
                   ^^^^^^^^^^^^^^^^^^^^^
  File "F:\HD 1tb\Dados\Projetos\Desnvolvimento com IA\e-clubecampestre\venv\Lib\site-packages\django\template\response.py", line 90, in rendered_content
    template = self.resolve_template(self.template_name)
  File "F:\HD 1tb\Dados\Projetos\Desnvolvimento com IA\e-clubecampestre\venv\Lib\site-packages\django\template\response.py", line 72, in resolve_template
    return select_template(template, using=self.using)
  File "F:\HD 1tb\Dados\Projetos\Desnvolvimento com IA\e-clubecampestre\venv\Lib\site-packages\django\template\loader.py", line 47, in select_template
    raise TemplateDoesNotExist(", ".join(template_name_list), chain=chain)
django.template.exceptions.TemplateDoesNotExist: index.html
"GET / HTTP/1.1" 500 86341
Watching for file changes with StatReloader
"GET / HTTP/1.1" 302 0
"GET /admin/login/?next=/ HTTP/1.1" 200 4197
"GET /static/admin/css/dark_mode.css HTTP/1.1" 200 2808
"GET /static/admin/js/theme.js HTTP/1.1" 200 1653
"GET /static/admin/css/responsive.css HTTP/1.1" 200 16565
"GET /static/admin/css/nav_sidebar.css HTTP/1.1" 200 2810
"GET /static/admin/css/base.css HTTP/1.1" 200 22120
"GET /static/admin/css/login.css HTTP/1.1" 200 951
"GET /static/admin/js/nav_sidebar.js HTTP/1.1" 200 3063
Not Found: /favicon.ico
"GET /favicon.ico HTTP/1.1" 404 2710
"POST /admin/login/?next=/ HTTP/1.1" 302 0
Internal Server Error: /
Traceback (most recent call last):
  File "F:\HD 1tb\Dados\Projetos\Desnvolvimento com IA\e-clubecampestre\venv\Lib\site-packages\django\core\handlers\exception.py", line 55, in inner
    response = get_response(request)
  File "F:\HD 1tb\Dados\Projetos\Desnvolvimento com IA\e-clubecampestre\venv\Lib\site-packages\django\core\handlers\base.py", line 220, in _get_response
    response = response.render()
  File "F:\HD 1tb\Dados\Projetos\Desnvolvimento com IA\e-clubecampestre\venv\Lib\site-packages\django\template\response.py", line 114, in render
    self.content = self.rendered_content
                   ^^^^^^^^^^^^^^^^^^^^^
  File "F:\HD 1tb\Dados\Projetos\Desnvolvimento com IA\e-clubecampestre\venv\Lib\site-packages\django\template\response.py", line 90, in rendered_content
    template = self.resolve_template(self.template_name)
  File "F:\HD 1tb\Dados\Projetos\Desnvolvimento com IA\e-clubecampestre\venv\Lib\site-packages\django\template\response.py", line 72, in resolve_template
    return select_template(template, using=self.using)
  File "F:\HD 1tb\Dados\Projetos\Desnvolvimento com IA\e-clubecampestre\venv\Lib\site-packages\django\template\loader.py", line 47, in select_template
    raise TemplateDoesNotExist(", ".join(template_name_list), chain=chain)
django.template.exceptions.TemplateDoesNotExist: index.html
"GET / HTTP/1.1" 500 86314
"GET / HTTP/1.1" 200 4666
"GET /static/adminlte/bower_components/font-awesome/css/font-awesome.min.css HTTP/1.1" 404 2116
"GET /static/adminlte/bower_components/Ionicons/css/ionicons.min.css HTTP/1.1" 404 2092
"GET /static/adminlte/bower_components/bootstrap/dist/css/bootstrap.min.css HTTP/1.1" 404 2113
"GET /static/adminlte/dist/css/AdminLTE.min.css HTTP/1.1" 404 2029
"GET /static/adminlte/dist/css/skins/_all-skins.min.css HTTP/1.1" 404 2053
"GET /static/adminlte/bower_components/jquery/dist/jquery.min.js HTTP/1.1" 404 2080
"GET /static/adminlte/bower_components/bootstrap/dist/js/bootstrap.min.js HTTP/1.1" 404 2107
"GET /static/adminlte/dist/js/adminlte.min.js HTTP/1.1" 404 2023
"GET / HTTP/1.1" 200 4666
"GET /static/adminlte/bower_components/bootstrap/dist/css/bootstrap.min.css HTTP/1.1" 404 2113
"GET /static/adminlte/bower_components/font-awesome/css/font-awesome.min.css HTTP/1.1" 404 2116
"GET /static/adminlte/bower_components/Ionicons/css/ionicons.min.css HTTP/1.1" 404 2092
"GET /static/adminlte/dist/css/AdminLTE.min.css HTTP/1.1" 404 2029
"GET /static/adminlte/bower_components/jquery/dist/jquery.min.js HTTP/1.1" 404 2080
"GET /static/adminlte/dist/css/skins/_all-skins.min.css HTTP/1.1" 404 2053
"GET /static/adminlte/bower_components/bootstrap/dist/js/bootstrap.min.js HTTP/1.1" 404 2107
"GET /static/adminlte/dist/js/adminlte.min.js HTTP/1.1" 404 2023
F:\HD 1tb\Dados\Projetos\Desnvolvimento com IA\e-clubecampestre\clube_manager\urls.py changed, reloading.
Watching for file changes with StatReloader
Watching for file changes with StatReloader
Watching for file changes with StatReloader
"GET / HTTP/1.1" 200 4666
"GET /static/adminlte/bower_components/Ionicons/css/ionicons.min.css HTTP/1.1" 404 2092
"GET /static/adminlte/dist/css/skins/_all-skins.min.css HTTP/1.1" 404 2053
"GET /static/adminlte/bower_components/bootstrap/dist/css/bootstrap.min.css HTTP/1.1" 404 2113
"GET /static/adminlte/bower_components/font-awesome/css/font-awesome.min.css HTTP/1.1" 404 2116
"GET /static/adminlte/dist/css/AdminLTE.min.css HTTP/1.1" 404 2029
"GET /static/adminlte/bower_components/jquery/dist/jquery.min.js HTTP/1.1" 404 2080
"GET /static/adminlte/dist/js/adminlte.min.js HTTP/1.1" 404 2023
"GET /static/adminlte/bower_components/bootstrap/dist/js/bootstrap.min.js HTTP/1.1" 404 2107
"GET / HTTP/1.1" 200 4666
"GET /static/adminlte/bower_components/font-awesome/css/font-awesome.min.css HTTP/1.1" 200 31000
"GET /static/adminlte/dist/css/AdminLTE.min.css HTTP/1.1" 200 106548
"GET /static/adminlte/bower_components/jquery/dist/jquery.min.js HTTP/1.1" 200 88145
"GET /static/adminlte/bower_components/bootstrap/dist/css/bootstrap.min.css HTTP/1.1" 200 121457
"GET /static/adminlte/bower_components/Ionicons/css/ionicons.min.css HTTP/1.1" 200 51284
"GET /static/adminlte/dist/css/skins/_all-skins.min.css HTTP/1.1" 200 41635
"GET /static/adminlte/bower_components/bootstrap/dist/js/bootstrap.min.js HTTP/1.1" 200 39680
"GET /static/adminlte/dist/js/adminlte.min.js HTTP/1.1" 200 13611
"GET /static/adminlte/bower_components/font-awesome/fonts/fontawesome-webfont.woff2?v=4.7.0 HTTP/1.1" 200 77160
F:\HD 1tb\Dados\Projetos\Desnvolvimento com IA\e-clubecampestre\core\models.py changed, reloading.
Watching for file changes with StatReloader
F:\HD 1tb\Dados\Projetos\Desnvolvimento com IA\e-clubecampestre\core\apps.py changed, reloading.
Watching for file changes with StatReloader
F:\HD 1tb\Dados\Projetos\Desnvolvimento com IA\e-clubecampestre\core\admin.py changed, reloading.
Watching for file changes with StatReloader
Watching for file changes with StatReloader
"GET /admin HTTP/1.1" 301 0
"GET /admin/ HTTP/1.1" 200 25382
"GET /static/admin/css/dashboard.css HTTP/1.1" 200 441
"GET /static/admin/img/icon-addlink.svg HTTP/1.1" 200 331
"GET /static/admin/img/icon-changelink.svg HTTP/1.1" 200 380
"GET /admin/core/empresa/add/ HTTP/1.1" 200 27706
"GET /static/admin/css/forms.css HTTP/1.1" 200 8525
"GET /static/admin/js/jquery.init.js HTTP/1.1" 200 347
"GET /static/admin/js/core.js HTTP/1.1" 200 6208
"GET /static/admin/js/admin/RelatedObjectLookups.js HTTP/1.1" 200 9777
"GET /static/admin/js/vendor/jquery/jquery.js HTTP/1.1" 200 285314
"GET /static/admin/js/actions.js HTTP/1.1" 200 8076
"GET /static/admin/js/urlify.js HTTP/1.1" 200 7887
"GET /static/admin/js/prepopulate.js HTTP/1.1" 200 1531
"GET /static/admin/css/widgets.css HTTP/1.1" 200 11991
"GET /static/admin/js/prepopulate_init.js HTTP/1.1" 200 586
"GET /static/admin/js/vendor/xregexp/xregexp.js HTTP/1.1" 200 325171
"GET /admin/jsi18n/ HTTP/1.1" 200 8158
"GET /static/admin/js/change_form.js HTTP/1.1" 200 606
"POST /admin/core/empresa/add/ HTTP/1.1" 302 0
"GET /admin/core/empresa/ HTTP/1.1" 200 24570
"GET /admin/jsi18n/ HTTP/1.1" 200 8158
"GET /static/admin/img/search.svg HTTP/1.1" 200 458
"GET /static/admin/css/changelists.css HTTP/1.1" 200 6878
"GET /static/admin/js/filters.js HTTP/1.1" 200 978
"GET /static/admin/img/tooltag-add.svg HTTP/1.1" 200 331
"GET /static/admin/img/icon-yes.svg HTTP/1.1" 200 436
"GET / HTTP/1.1" 200 4879
"GET /static/img/favicon.png HTTP/1.1" 200 951611
Method Not Allowed (GET): /admin/logout/
"GET /admin/logout/ HTTP/1.1" 405 0
"GET / HTTP/1.1" 200 4879
"GET /admin/ HTTP/1.1" 200 25759
"GET /admin/core/empresa/ HTTP/1.1" 200 24371
"GET /admin/jsi18n/ HTTP/1.1" 200 8158
"GET /admin/core/empresa/1/change/ HTTP/1.1" 200 28249
"GET /admin/jsi18n/ HTTP/1.1" 200 8158
F:\HD 1tb\Dados\Projetos\Desnvolvimento com IA\e-clubecampestre\clube_manager\settings.py changed, reloading.
Watching for file changes with StatReloader
"GET / HTTP/1.1" 200 5560
"GET /static/img/favicon.png HTTP/1.1" 304 0
"GET /media/logos_empresas/logoAERCA.jpg HTTP/1.1" 200 150788
"GET / HTTP/1.1" 200 5795
"GET /static/img/favicon.png HTTP/1.1" 304 0
"GET /media/logos_empresas/logoAERCA.jpg HTTP/1.1" 304 0
